<?xml version="1.0" encoding="UTF-8"?>
<!-- Generated by org.testng.reporters.JUnitXMLReporter -->
<testsuite ignored="0" hostname="DESKTOP-DIMGNTL" failures="0" tests="4" name="ChromeTest" time="12.273" errors="0" timestamp="2022-09-02T18:02:38 EDT">
  <testcase classname="com.dsalgo.tests.DSAlgoSignInTest" name="NavigateToHomePage" time="0.426"/>
  <testcase classname="com.dsalgo.tests.DSAlgoSignInTest" name="SignIn" time="1.095"/>
  <testcase classname="com.dsalgo.tests.DSAlgoSignInTest" name="RegisterUser" time="0.991"/>
  <testcase classname="com.dsalgo.tests.DSAlgoSignInTest" name="VerifyDSValuesinDropDown" time="0.115"/>
</testsuite> <!-- ChromeTest -->
