<?xml version="1.0" encoding="UTF-8"?>
<!-- Generated by org.testng.reporters.JUnitXMLReporter -->
<testsuite ignored="0" hostname="DESKTOP-DIMGNTL" failures="0" tests="4" name="EdgeTest" time="12.046" errors="0" timestamp="2022-09-02T18:02:51 EDT">
  <testcase classname="com.dsalgo.tests.DSAlgoSignInTest" name="NavigateToHomePage" time="0.868"/>
  <testcase classname="com.dsalgo.tests.DSAlgoSignInTest" name="SignIn" time="1.029"/>
  <testcase classname="com.dsalgo.tests.DSAlgoSignInTest" name="RegisterUser" time="0.951"/>
  <testcase classname="com.dsalgo.tests.DSAlgoSignInTest" name="VerifyDSValuesinDropDown" time="0.092"/>
</testsuite> <!-- EdgeTest -->
